2025-11-26 20:56:47,728 - INFO - ============================================================
2025-11-26 20:56:47,801 - INFO - ============================================================
2025-11-26 20:56:47,806 - INFO - ====== WebDriver manager ======
2025-11-26 20:56:53,214 - INFO - Get LATEST geckodriver version for None firefox
2025-11-26 20:56:54,199 - INFO - Getting latest mozilla release info for v0.36.0
2025-11-26 20:56:55,080 - INFO - About to download new driver from https://github.com/mozilla/geckodriver/releases/download/v0.36.0/geckodriver-v0.36.0-win64.zip
2025-11-26 20:56:57,709 - INFO - Driver downloading response is 200
2025-11-26 20:57:00,043 - INFO - Get LATEST geckodriver version for None firefox
2025-11-26 20:57:02,815 - INFO - Get LATEST geckodriver version for None firefox
2025-11-26 20:57:05,875 - INFO - Driver has been saved in cache [C:\Users\Othmane\.wdm\drivers\geckodriver\win64\v0.36.0]
2025-11-26 20:57:11,332 - INFO - ====== WebDriver manager ======
2025-11-26 20:57:16,970 - INFO - Get LATEST geckodriver version for None firefox
2025-11-26 20:57:17,852 - INFO - Getting latest mozilla release info for v0.36.0
2025-11-26 20:57:18,876 - INFO - About to download new driver from https://github.com/mozilla/geckodriver/releases/download/v0.36.0/geckodriver-v0.36.0-win64.zip
2025-11-26 20:57:20,471 - INFO - Driver downloading response is 200
2025-11-26 20:57:23,457 - INFO - Get LATEST geckodriver version for None firefox
2025-11-26 20:57:26,709 - INFO - Get LATEST geckodriver version for None firefox
2025-11-26 20:57:30,115 - INFO - Driver has been saved in cache [C:\Users\Othmane\.wdm\drivers\geckodriver\win64\v0.36.0]
2025-11-26 20:57:35,363 - INFO - ====== WebDriver manager ======
2025-11-26 20:57:39,858 - INFO - Get LATEST geckodriver version for None firefox
2025-11-26 20:57:40,823 - INFO - Getting latest mozilla release info for v0.36.0
2025-11-26 20:57:41,918 - INFO - About to download new driver from https://github.com/mozilla/geckodriver/releases/download/v0.36.0/geckodriver-v0.36.0-win64.zip
2025-11-26 20:57:43,567 - INFO - Driver downloading response is 200
2025-11-26 20:57:46,483 - INFO - Get LATEST geckodriver version for None firefox
2025-11-26 20:57:49,621 - INFO - Get LATEST geckodriver version for None firefox
2025-11-26 20:57:52,308 - INFO - Driver has been saved in cache [C:\Users\Othmane\.wdm\drivers\geckodriver\win64\v0.36.0]
2025-11-26 20:57:57,566 - INFO - ====== WebDriver manager ======
2025-11-26 20:58:02,031 - INFO - Get LATEST geckodriver version for None firefox
2025-11-26 20:58:03,113 - INFO - Getting latest mozilla release info for v0.36.0
2025-11-26 20:58:04,138 - INFO - About to download new driver from https://github.com/mozilla/geckodriver/releases/download/v0.36.0/geckodriver-v0.36.0-win64.zip
2025-11-26 20:58:05,855 - INFO - Driver downloading response is 200
2025-11-26 20:58:09,961 - INFO - Get LATEST geckodriver version for None firefox
2025-11-26 20:58:13,463 - INFO - Get LATEST geckodriver version for None firefox
2025-11-26 20:58:17,377 - INFO - Driver has been saved in cache [C:\Users\Othmane\.wdm\drivers\geckodriver\win64\v0.36.0]
2025-11-26 20:59:26,176 - INFO - ============================================================
2025-11-26 20:59:26,177 - INFO - BOTOLA PRO SCRAPER - HTTP Method (Pure Python)
2025-11-26 20:59:26,177 - INFO - ============================================================
2025-11-26 20:59:26,177 - INFO - 
Scraping de 3 saisons...
2025-11-26 20:59:26,178 - INFO - 
[1/3] Scraping saison 2023/2024...
2025-11-26 20:59:26,178 - INFO - 
=== Saison 2023/2024 ===
2025-11-26 20:59:26,178 - INFO - Tentative 1/3 - Chargement https://footystats.org/morocco/botola-pro/matches?season=2023%2F2024...
2025-11-26 20:59:26,875 - WARNING - Erreur tentative 1: 403 Client Error: Forbidden for url: https://footystats.org/morocco/botola-pro/matches?season=2023%2F2024
2025-11-26 20:59:29,918 - INFO - Tentative 2/3 - Chargement https://footystats.org/morocco/botola-pro/matches?season=2023%2F2024...
2025-11-26 20:59:30,723 - WARNING - Erreur tentative 2: 403 Client Error: Forbidden for url: https://footystats.org/morocco/botola-pro/matches?season=2023%2F2024
2025-11-26 20:59:33,367 - INFO - Tentative 3/3 - Chargement https://footystats.org/morocco/botola-pro/matches?season=2023%2F2024...
2025-11-26 20:59:34,113 - WARNING - Erreur tentative 3: 403 Client Error: Forbidden for url: https://footystats.org/morocco/botola-pro/matches?season=2023%2F2024
2025-11-26 20:59:37,955 - ERROR - Impossible de charger la page apres retries
2025-11-26 20:59:37,957 - ERROR - Echec: impossible de charger 2023/2024
2025-11-26 20:59:37,961 - INFO - Attente 3.8s avant saison suivante...
2025-11-26 20:59:41,792 - INFO - 
[2/3] Scraping saison 2022/2023...
2025-11-26 20:59:41,793 - INFO - 
=== Saison 2022/2023 ===
2025-11-26 20:59:41,793 - INFO - Tentative 1/3 - Chargement https://footystats.org/morocco/botola-pro/matches?season=2022%2F2023...
2025-11-26 20:59:42,604 - WARNING - Erreur tentative 1: 403 Client Error: Forbidden for url: https://footystats.org/morocco/botola-pro/matches?season=2022%2F2023
2025-11-26 20:59:44,859 - INFO - Tentative 2/3 - Chargement https://footystats.org/morocco/botola-pro/matches?season=2022%2F2023...
2025-11-26 20:59:45,512 - WARNING - Erreur tentative 2: 403 Client Error: Forbidden for url: https://footystats.org/morocco/botola-pro/matches?season=2022%2F2023
2025-11-26 20:59:47,653 - INFO - Tentative 3/3 - Chargement https://footystats.org/morocco/botola-pro/matches?season=2022%2F2023...
2025-11-26 20:59:48,522 - WARNING - Erreur tentative 3: 403 Client Error: Forbidden for url: https://footystats.org/morocco/botola-pro/matches?season=2022%2F2023
2025-11-26 20:59:50,717 - ERROR - Impossible de charger la page apres retries
2025-11-26 20:59:50,720 - ERROR - Echec: impossible de charger 2022/2023
2025-11-26 20:59:50,722 - INFO - Attente 2.1s avant saison suivante...
2025-11-26 20:59:52,845 - INFO - 
[3/3] Scraping saison 2021/2022...
2025-11-26 20:59:52,846 - INFO - 
=== Saison 2021/2022 ===
2025-11-26 20:59:52,846 - INFO - Tentative 1/3 - Chargement https://footystats.org/morocco/botola-pro/matches?season=2021%2F2022...
2025-11-26 20:59:54,012 - WARNING - Erreur tentative 1: 403 Client Error: Forbidden for url: https://footystats.org/morocco/botola-pro/matches?season=2021%2F2022
2025-11-26 20:59:57,866 - INFO - Tentative 2/3 - Chargement https://footystats.org/morocco/botola-pro/matches?season=2021%2F2022...
2025-11-26 20:59:58,732 - WARNING - Erreur tentative 2: 403 Client Error: Forbidden for url: https://footystats.org/morocco/botola-pro/matches?season=2021%2F2022
2025-11-26 21:00:02,115 - INFO - Tentative 3/3 - Chargement https://footystats.org/morocco/botola-pro/matches?season=2021%2F2022...
2025-11-26 21:00:02,915 - WARNING - Erreur tentative 3: 403 Client Error: Forbidden for url: https://footystats.org/morocco/botola-pro/matches?season=2021%2F2022
2025-11-26 21:00:06,473 - ERROR - Impossible de charger la page apres retries
2025-11-26 21:00:06,477 - ERROR - Echec: impossible de charger 2021/2022
2025-11-26 21:00:06,478 - WARNING - Aucune donnee recuperee
2025-11-26 21:00:06,480 - ERROR - Aucune donnee recuperee
2025-11-26 21:00:06,480 - INFO - 
Scraping echoue
2025-11-26 21:01:04,147 - INFO - ============================================================
2025-11-26 21:01:04,147 - INFO - BOTOLA PRO SCRAPER - Mode Demo (Donnees Exemple)
2025-11-26 21:01:04,147 - INFO - ============================================================
2025-11-26 21:01:04,148 - INFO - 
Note: Cette version utilise des donnees de demonstration.
2025-11-26 21:01:04,148 - INFO - Pour scraper les vraies donnees, installer Firefox ou Chrome.
2025-11-26 21:01:04,148 - INFO - 
Scraping de 3 saisons...
2025-11-26 21:01:04,149 - INFO - 
[1/3] Traitement 2023/2024...
2025-11-26 21:01:04,149 - INFO - 
Scraping saison 2023/2024...
2025-11-26 21:01:05,202 - INFO - DataFrame créé avec 4 matchs
2025-11-26 21:01:06,203 - INFO - 
[2/3] Traitement 2022/2023...
2025-11-26 21:01:06,203 - INFO - 
Scraping saison 2022/2023...
2025-11-26 21:01:07,206 - INFO - DataFrame créé avec 4 matchs
2025-11-26 21:01:08,207 - INFO - 
[3/3] Traitement 2021/2022...
2025-11-26 21:01:08,207 - INFO - 
Scraping saison 2021/2022...
2025-11-26 21:01:09,210 - INFO - DataFrame créé avec 4 matchs
2025-11-26 21:01:09,214 - INFO - 
TOTAL: 12 matchs sur 3 saisons
2025-11-26 21:01:09,215 - INFO - 
APERCU DES DONNEES:
2025-11-26 21:01:09,226 - INFO -   2023-08-18 15:00 | Raja Casablanca 2-1 Wydad Casablanca
2025-11-26 21:01:09,227 - INFO -   2023-08-19 18:30 | FUS Rabat 1-1 AS FAR
2025-11-26 21:01:09,227 - INFO -   2023-08-20 20:00 | Moghreb Fez 0-2 Raja Casablanca
2025-11-26 21:01:09,228 - INFO -   2023-08-21 16:00 | Difaa Hassani 1-2 Sporting Casablanca
2025-11-26 21:01:09,229 - INFO -   2022-08-25 19:00 | Wydad Casablanca 3-1 Raja Casablanca
2025-11-26 21:01:09,229 - INFO - 
Colonnes: ['date', 'time', 'home_team', 'away_team', 'score', 'home_goals', 'away_goals', 'xg_home', 'xg_away', 'shots_home', 'shots_away', 'possession_home', 'possession_away', 'season']
2025-11-26 21:01:09,242 - INFO - Fichier sauvegarde: botola_matches.csv
2025-11-26 21:01:09,242 - INFO - Taille: 12 lignes, 14 colonnes
2025-11-26 21:01:09,243 - INFO - 
STATISTIQUES:
2025-11-26 21:01:09,243 - INFO - Total matchs: 12
2025-11-26 21:01:09,247 - INFO - Saisons: ['2023/2024', '2022/2023', '2021/2022']
2025-11-26 21:01:09,248 - INFO - Equipes: 7 - AS FAR, Difaa Hassani, FUS Rabat, Moghreb Fez, Raja Casablanca, Sporting Casablanca, Wydad Casablanca
2025-11-26 21:01:09,249 - INFO - 
Succes! Fichier cree: botola_matches.csv
